[13:10:12] [ServerMain/INFO]: [bootstrap] Running Java 21 (OpenJDK 64-Bit Server VM 21.0.9+10-LTS; Microsoft Microsoft-12574458) on Linux 6.8.0-1030-azure (amd64)
[13:10:12] [ServerMain/INFO]: [bootstrap] Loading Paper 1.21.10-117-ver/1.21.10@df4b668 (2025-11-30T22:37:28Z) for Minecraft 1.21.10
[13:10:12] [ServerMain/INFO]: [PluginInitializerManager] Initializing plugins...
[13:10:12] [ServerMain/INFO]: [PluginInitializerManager] Initialized 7 plugins
[13:10:12] [ServerMain/INFO]: [PluginInitializerManager] Bukkit plugins (7):
 - Chunky (1.4.40), GSit (3.0.1), LagFixer (1.5.1.6 [build 137]), LuckPerms (5.5.17), PluginPortal (3.0.7), SimpleTpa (8.0), UltimateHomes (3.1)
[13:10:18] [ServerMain/INFO]: Environment: Environment[sessionHost=https://sessionserver.mojang.com, servicesHost=https://api.minecraftservices.com, profilesHost=https://api.mojang.com, name=PROD]
[13:10:20] [ServerMain/INFO]: Loaded 1461 recipes
[13:10:20] [ServerMain/INFO]: Loaded 1574 advancements
[13:10:20] [ServerMain/INFO]: [ca.spottedleaf.dataconverter.minecraft.datatypes.MCTypeRegistry] Initialising converters for DataConverter...
[13:10:21] [ServerMain/INFO]: [ca.spottedleaf.dataconverter.minecraft.datatypes.MCTypeRegistry] Finished initialising converters for DataConverter in 622.9ms
[13:10:21] [Server thread/INFO]: Starting minecraft server version 1.21.10
[13:10:21] [Server thread/INFO]: Loading properties
[13:10:21] [Server thread/INFO]: This server is running Paper version 1.21.10-117-ver/1.21.10@df4b668 (2025-11-30T22:37:28Z) (Implementing API version 1.21.10-R0.1-SNAPSHOT)
[13:10:21] [Server thread/INFO]: [spark] This server bundles the spark profiler. For more information please visit https://docs.papermc.io/paper/profiling
[13:10:21] [Server thread/INFO]: Server Ping Player Sample Count: 12
[13:10:21] [Server thread/INFO]: Using 4 threads for Netty based IO
[13:10:23] [Server thread/INFO]: [MoonriseCommon] Paper is using 1 worker threads, 1 I/O threads
[13:10:23] [Server thread/INFO]: Default game type: SURVIVAL
[13:10:23] [Server thread/INFO]: Generating keypair
[13:10:23] [Server thread/INFO]: Starting Minecraft server on *:25565
[13:10:23] [Server thread/INFO]: Using epoll channel type
[13:10:23] [Server thread/INFO]: Paper: Using libdeflate (Linux x86_64) compression from Velocity.
[13:10:23] [Server thread/INFO]: Paper: Using OpenSSL 3.x.x (Linux x86_64) cipher from Velocity.
[13:10:23] [Server thread/INFO]: [SpigotLibraryLoader] [LagFixer] Loading 3 libraries... please wait
[13:10:23] [Server thread/INFO]: [SpigotLibraryLoader] [LagFixer] Loaded library /workspaces/s/21.10/libraries/org/apache/commons/commons-lang3/3.17.0/commons-lang3-3.17.0.jar
[13:10:23] [Server thread/INFO]: [SpigotLibraryLoader] [LagFixer] Loaded library /workspaces/s/21.10/libraries/commons-io/commons-io/2.19.0/commons-io-2.19.0.jar
[13:10:23] [Server thread/INFO]: [SpigotLibraryLoader] [LagFixer] Loaded library /workspaces/s/21.10/libraries/com/github/oshi/oshi-core/6.8.0/oshi-core-6.8.0.jar
[13:10:23] [Server thread/INFO]: [SpigotLibraryLoader] [LagFixer] Loaded library /workspaces/s/21.10/libraries/net/java/dev/jna/jna/5.17.0/jna-5.17.0.jar
[13:10:23] [Server thread/INFO]: [SpigotLibraryLoader] [LagFixer] Loaded library /workspaces/s/21.10/libraries/net/java/dev/jna/jna-platform/5.17.0/jna-platform-5.17.0.jar
[13:10:23] [Server thread/INFO]: [SpigotLibraryLoader] [LagFixer] Loaded library /workspaces/s/21.10/libraries/org/slf4j/slf4j-api/2.0.17/slf4j-api-2.0.17.jar
[13:10:24] [Server thread/INFO]: [LuckPerms] Loading server plugin LuckPerms v5.5.17
[13:10:24] [Server thread/INFO]: [LuckPerms] Loading configuration...
[13:10:24] [Server thread/INFO]: [SimpleTpa] Loading server plugin SimpleTpa v8.0
[13:10:24] [Server thread/INFO]: [GSit] Loading server plugin GSit v3.0.1
[13:10:24] [Server thread/INFO]: [UltimateHomes] Loading server plugin UltimateHomes v3.1
[13:10:24] [Server thread/INFO]: [Chunky] Loading server plugin Chunky v1.4.40
[13:10:24] [Server thread/INFO]: [PluginPortal] Loading server plugin PluginPortal v3.0.7
[13:10:24] [Server thread/INFO]: [[38;5;11m⚡[0m] Loading server plugin LagFixer v1.5.1.6 [build 137]
[13:10:24] [Server thread/INFO]: Server permissions file permissions.yml is empty, ignoring it
[13:10:24] [Server thread/INFO]: [LuckPerms] Enabling LuckPerms v5.5.17
[13:10:24] [Server thread/INFO]:         __    
[13:10:24] [Server thread/INFO]:   |    |__)   LuckPerms v5.5.17
[13:10:24] [Server thread/INFO]:   |___ |      Running on Bukkit - Paper
[13:10:24] [Server thread/INFO]: 
[13:10:24] [Server thread/INFO]: [LuckPerms] Loading storage provider... [H2]
[13:10:25] [Server thread/INFO]: [LuckPerms] Loading internal permission managers...
[13:10:25] [Server thread/INFO]: [LuckPerms] Performing initial data load...
[13:10:25] [Server thread/INFO]: [LuckPerms] Successfully enabled. (took 954ms)
[13:10:25] [Server thread/WARN]: **** SERVER IS RUNNING IN OFFLINE/INSECURE MODE!
[13:10:25] [Server thread/WARN]: The server will make no attempt to authenticate usernames. Beware.
[13:10:25] [Server thread/WARN]: While this makes the game possible to play without internet access, it also opens up the ability for hackers to connect with any username they choose.
[13:10:25] [Server thread/WARN]: To change this, set "online-mode" to "true" in the server.properties file.
[13:10:25] [Server thread/INFO]: Preparing level "world"
[13:10:26] [Server thread/INFO]: Loading 0 persistent chunks for world 'minecraft:overworld'...
[13:10:26] [Server thread/INFO]: Preparing spawn area: 100%
[13:10:26] [Server thread/INFO]: Prepared spawn area in 3 ms
[13:10:26] [Server thread/INFO]: Loading 0 persistent chunks for world 'minecraft:the_nether'...
[13:10:26] [Server thread/INFO]: Preparing spawn area: 100%
[13:10:26] [Server thread/INFO]: Prepared spawn area in 5 ms
[13:10:26] [Server thread/INFO]: Loading 0 persistent chunks for world 'minecraft:the_end'...
[13:10:26] [Server thread/INFO]: Prepared spawn area in 4 ms
[13:10:26] [Server thread/INFO]: Done preparing level "world" (0.636s)
[13:10:26] [Server thread/INFO]: [SimpleTpa] Enabling SimpleTpa v8.0
[13:10:26] [Server thread/INFO]: [SimpleTpa] If you need support contact me at https://discord.gg/SZUkza9
[13:10:26] [Server thread/INFO]: [SimpleTpa] Simple Tpa has been enabled on version 8.0
[13:10:26] [Server thread/INFO]: Enabled metrics. You may opt-out by changing plugins/bStats/config.yml
[13:10:26] [Server thread/INFO]: [GSit] Enabling GSit v3.0.1
[13:10:26] [Server thread/INFO]: [GSit] The plugin was successfully enabled.
[13:10:26] [Server thread/INFO]: [UltimateHomes] Enabling UltimateHomes v3.1
[13:10:26] [Server thread/INFO]: 
[13:10:26] [Server thread/INFO]: --------------------------------------
[13:10:26] [Server thread/INFO]:        UltimateHomes by kixmc
[13:10:26] [Server thread/INFO]:        Enabled on version 3.1
[13:10:26] [Server thread/INFO]: --------------------------------------
[13:10:26] [Server thread/INFO]:  
[13:10:26] [Server thread/INFO]: [Chunky] Enabling Chunky v1.4.40
[13:10:26] [Server thread/INFO]: [PluginPortal] Enabling PluginPortal v3.0.7
